# JRE version: OpenJDK Runtime Environment (11.0.10) (build 11.0.10+0-b96-7249189)
# Java VM: OpenJDK 64-Bit Server VM (11.0.10+0-b96-7249189, mixed mode, tiered, compressed oops, g1 gc, windows-amd64)
Heap:
 garbage-first heap   total 973824K, used 145514K [0x0000000080000000, 0x0000000100000000)
  region size 1024K, 14 young (14336K), 14 survivors (14336K)
 Metaspace       used 138513K, capacity 142872K, committed 145024K, reserved 1175552K
  class space    used 16817K, capacity 18390K, committed 18560K, reserved 1048576K
GC Heap History (20 events):
Event: 8894.474 GC heap after
{Heap after GC invocations=141 (full 1):
 garbage-first heap   total 324608K, used 149914K [0x0000000080000000, 0x0000000100000000)
  region size 1024K, 2 young (2048K), 2 survivors (2048K)
 Metaspace       used 139651K, capacity 143979K, committed 144256K, reserved 1175552K
  class space    used 16932K, capacity 18512K, committed 18560K, reserved 1048576K
}
Event: 8894.493 GC heap before
{Heap before GC invocations=141 (full 1):
 garbage-first heap   total 324608K, used 155034K [0x0000000080000000, 0x0000000100000000)
  region size 1024K, 8 young (8192K), 2 survivors (2048K)
 Metaspace       used 139651K, capacity 143979K, committed 144256K, reserved 1175552K
  class space    used 16932K, capacity 18512K, committed 18560K, reserved 1048576K
}
Event: 8894.504 GC heap after
{Heap after GC invocations=142 (full 1):
 garbage-first heap   total 324608K, used 149214K [0x0000000080000000, 0x0000000100000000)
  region size 1024K, 1 young (1024K), 1 survivors (1024K)
 Metaspace       used 139651K, capacity 143979K, committed 144256K, reserved 1175552K
  class space    used 16932K, capacity 18512K, committed 18560K, reserved 1048576K
}
Event: 8894.907 GC heap before
{Heap before GC invocations=142 (full 1):
 garbage-first heap   total 324608K, used 257758K [0x0000000080000000, 0x0000000100000000)
  region size 1024K, 106 young (108544K), 1 survivors (1024K)
 Metaspace       used 140440K, capacity 144761K, committed 145024K, reserved 1175552K
  class space    used 16941K, capacity 18516K, committed 18560K, reserved 1048576K
}
Event: 8894.913 GC heap after
{Heap after GC invocations=143 (full 1):
 garbage-first heap   total 324608K, used 150198K [0x0000000080000000, 0x0000000100000000)
  region size 1024K, 2 young (2048K), 2 survivors (2048K)
 Metaspace       used 140440K, capacity 144761K, committed 145024K, reserved 1175552K
  class space    used 16941K, capacity 18516K, committed 18560K, reserved 1048576K
}
Event: 8895.383 GC heap before
{Heap before GC invocations=144 (full 1):
 garbage-first heap   total 324608K, used 259766K [0x0000000080000000, 0x0000000100000000)
  region size 1024K, 110 young (112640K), 2 survivors (2048K)
 Metaspace       used 140472K, capacity 144842K, committed 145024K, reserved 1175552K
  class space    used 16944K, capacity 18521K, committed 18560K, reserved 1048576K
}
Event: 8895.390 GC heap after
{Heap after GC invocations=145 (full 1):
 garbage-first heap   total 324608K, used 149089K [0x0000000080000000, 0x0000000100000000)
  region size 1024K, 3 young (3072K), 3 survivors (3072K)
 Metaspace       used 140472K, capacity 144842K, committed 145024K, reserved 1175552K
  class space    used 16944K, capacity 18521K, committed 18560K, reserved 1048576K
}
Event: 8895.639 GC heap before
{Heap before GC invocations=145 (full 1):
 garbage-first heap   total 324608K, used 161377K [0x0000000080000000, 0x0000000100000000)
  region size 1024K, 15 young (15360K), 3 survivors (3072K)
 Metaspace       used 140472K, capacity 144842K, committed 145024K, reserved 1175552K
  class space    used 16944K, capacity 18521K, committed 18560K, reserved 1048576K
}
Event: 8895.651 GC heap after
{Heap after GC invocations=146 (full 1):
 garbage-first heap   total 324608K, used 148672K [0x0000000080000000, 0x0000000100000000)
  region size 1024K, 1 young (1024K), 1 survivors (1024K)
 Metaspace       used 140472K, capacity 144842K, committed 145024K, reserved 1175552K
  class space    used 16944K, capacity 18521K, committed 18560K, reserved 1048576K
}
Event: 8896.894 GC heap before
{Heap before GC invocations=146 (full 1):
 garbage-first heap   total 324608K, used 262336K [0x0000000080000000, 0x0000000100000000)
  region size 1024K, 112 young (114688K), 1 survivors (1024K)
 Metaspace       used 140480K, capacity 144843K, committed 145024K, reserved 1175552K
  class space    used 16944K, capacity 18521K, committed 18560K, reserved 1048576K
}
Event: 8896.914 GC heap after
{Heap after GC invocations=147 (full 1):
 garbage-first heap   total 324608K, used 149591K [0x0000000080000000, 0x0000000100000000)
  region size 1024K, 2 young (2048K), 2 survivors (2048K)
 Metaspace       used 140480K, capacity 144843K, committed 145024K, reserved 1175552K
  class space    used 16944K, capacity 18521K, committed 18560K, reserved 1048576K
}
Event: 8897.239 GC heap before
{Heap before GC invocations=147 (full 1):
 garbage-first heap   total 324608K, used 265303K [0x0000000080000000, 0x0000000100000000)
  region size 1024K, 115 young (117760K), 2 survivors (2048K)
 Metaspace       used 140502K, capacity 144908K, committed 145024K, reserved 1175552K
  class space    used 16944K, capacity 18521K, committed 18560K, reserved 1048576K
}
Event: 8897.259 GC heap after
{Heap after GC invocations=148 (full 1):
 garbage-first heap   total 324608K, used 150963K [0x0000000080000000, 0x0000000100000000)
  region size 1024K, 3 young (3072K), 3 survivors (3072K)
 Metaspace       used 140502K, capacity 144908K, committed 145024K, reserved 1175552K
  class space    used 16944K, capacity 18521K, committed 18560K, reserved 1048576K
}
Event: 8897.756 GC heap before
{Heap before GC invocations=149 (full 1):
 garbage-first heap   total 324608K, used 268723K [0x0000000080000000, 0x0000000100000000)
  region size 1024K, 118 young (120832K), 3 survivors (3072K)
 Metaspace       used 138442K, capacity 142787K, committed 145024K, reserved 1175552K
  class space    used 16811K, capacity 18387K, committed 18560K, reserved 1048576K
}
Event: 8897.772 GC heap after
{Heap after GC invocations=150 (full 1):
 garbage-first heap   total 324608K, used 151276K [0x0000000080000000, 0x0000000100000000)
  region size 1024K, 4 young (4096K), 4 survivors (4096K)
 Metaspace       used 138442K, capacity 142787K, committed 145024K, reserved 1175552K
  class space    used 16811K, capacity 18387K, committed 18560K, reserved 1048576K
}
Event: 8897.831 GC heap before
{Heap before GC invocations=150 (full 1):
 garbage-first heap   total 324608K, used 162540K [0x0000000080000000, 0x0000000100000000)
  region size 1024K, 15 young (15360K), 4 survivors (4096K)
 Metaspace       used 138442K, capacity 142787K, committed 145024K, reserved 1175552K
  class space    used 16811K, capacity 18387K, committed 18560K, reserved 1048576K
}
Event: 8898.027 GC heap after
{Heap after GC invocations=151 (full 1):
 garbage-first heap   total 324608K, used 134558K [0x0000000080000000, 0x0000000100000000)
  region size 1024K, 1 young (1024K), 1 survivors (1024K)
 Metaspace       used 138442K, capacity 142787K, committed 145024K, reserved 1175552K
  class space    used 16811K, capacity 18387K, committed 18560K, reserved 1048576K
}
Event: 8900.098 GC heap before
{Heap before GC invocations=151 (full 1):
 garbage-first heap   total 324608K, used 263582K [0x0000000080000000, 0x0000000100000000)
  region size 1024K, 127 young (130048K), 1 survivors (1024K)
 Metaspace       used 138469K, capacity 142787K, committed 145024K, reserved 1175552K
  class space    used 16812K, capacity 18387K, committed 18560K, reserved 1048576K
}
Event: 8900.541 GC heap after
{Heap after GC invocations=152 (full 1):
 garbage-first heap   total 324608K, used 136056K [0x0000000080000000, 0x0000000100000000)
  region size 1024K, 3 young (3072K), 3 survivors (3072K)
 Metaspace       used 138469K, capacity 142787K, committed 145024K, reserved 1175552K
  class space    used 16812K, capacity 18387K, committed 18560K, reserved 1048576K
}
Event: 8901.895 GC heap before
{Heap before GC invocations=153 (full 1):
 garbage-first heap   total 324608K, used 267128K [0x0000000080000000, 0x0000000100000000)
  region size 1024K, 131 young (134144K), 3 survivors (3072K)
 Metaspace       used 138513K, capacity 142872K, committed 145024K, reserved 1175552K
  class space    used 16817K, capacity 18390K, committed 18560K, reserved 1048576K
}

